app/build/outputs/logs/manifest-merger-debug-report.txt
-- Merging decision tree log ---
manifest
ADDED from AndroidManifest.xml:2:1
	package
		ADDED from AndroidManifest.xml:4:5
		INJECTED from AndroidManifest.xml:0:0
		INJECTED from AndroidManifest.xml:0:0
	android:versionName
		INJECTED from AndroidManifest.xml:0:0
		INJECTED from AndroidManifest.xml:0:0
	xmlns:tools
		ADDED from AndroidManifest.xml:3:5
	xmlns:android
		ADDED from AndroidManifest.xml:2:11
	android:versionCode
		INJECTED from AndroidManifest.xml:0:0
		INJECTED from AndroidManifest.xml:0:0
application
ADDED from AndroidManifest.xml:7:5
MERGED from com.android.support:appcompat-v7:19.0.0:19:5
MERGED from ChinasoLive:PullToRefreshLibrary:unspecified:11:5
MERGED from ChinasoLive:leCloudSDK_Release:unspecified:29:5
MERGED from ChinasoLive:IMLib:unspecified:24:5
MERGED from com.android.support:appcompat-v7:19.0.0:19:5
	android:label
		ADDED from AndroidManifest.xml:10:9
	android:allowBackup
		ADDED from AndroidManifest.xml:8:9
	android:icon
		ADDED from AndroidManifest.xml:9:9
		REJECTED from ChinasoLive:leCloudSDK_Release:unspecified:31:9
	android:theme
		ADDED from AndroidManifest.xml:11:9
		REJECTED from ChinasoLive:leCloudSDK_Release:unspecified:33:9
	tools:replace
		ADDED from AndroidManifest.xml:13:9
	android:name
		ADDED from AndroidManifest.xml:12:9
activity#com.chinaso.cl.activity.MainActivity
ADDED from AndroidManifest.xml:14:9
	android:name
		ADDED from AndroidManifest.xml:14:19
intent-filter#android.intent.action.MAIN+android.intent.category.LAUNCHER
ADDED from AndroidManifest.xml:15:13
action#android.intent.action.MAIN
ADDED from AndroidManifest.xml:16:17
	android:name
		ADDED from AndroidManifest.xml:16:25
category#android.intent.category.LAUNCHER
ADDED from AndroidManifest.xml:18:17
	android:name
		ADDED from AndroidManifest.xml:18:27
activity#com.chinaso.cl.activity.BaseActivity
ADDED from AndroidManifest.xml:25:9
	android:name
		ADDED from AndroidManifest.xml:25:19
activity#recorder.upload.FlushFlowActivity
ADDED from AndroidManifest.xml:29:9
	android:screenOrientation
		ADDED from AndroidManifest.xml:31:13
	android:name
		ADDED from AndroidManifest.xml:30:13
activity#recorder.play.PlayActivity
ADDED from AndroidManifest.xml:33:9
	android:screenOrientation
		ADDED from AndroidManifest.xml:36:13
	android:configChanges
		ADDED from AndroidManifest.xml:35:13
	android:theme
		ADDED from AndroidManifest.xml:37:13
	android:name
		ADDED from AndroidManifest.xml:34:13
service#com.letv.pp.service.CdeService
ADDED from AndroidManifest.xml:39:9
MERGED from ChinasoLive:leCloudSDK_Release:unspecified:34:9
	android:process
		ADDED from AndroidManifest.xml:41:13
	android:name
		ADDED from AndroidManifest.xml:40:13
meta-data#RONG_CLOUD_APP_KEY
ADDED from AndroidManifest.xml:44:9
	android:value
		ADDED from AndroidManifest.xml:46:13
	android:name
		ADDED from AndroidManifest.xml:45:13
service#io.rong.imlib.ipc.RongService
ADDED from AndroidManifest.xml:48:9
	android:process
		ADDED from AndroidManifest.xml:50:13
	android:name
		ADDED from AndroidManifest.xml:49:13
service#io.rong.imlib.ReConnectService
ADDED from AndroidManifest.xml:52:9
	android:name
		ADDED from AndroidManifest.xml:52:18
receiver#io.rong.imlib.ConnectChangeReceiver
ADDED from AndroidManifest.xml:54:9
	android:name
		ADDED from AndroidManifest.xml:54:19
receiver#io.rong.imlib.ipc.PushMessageReceiver
ADDED from AndroidManifest.xml:55:9
	android:name
		ADDED from AndroidManifest.xml:55:19
intent-filter#io.rong.push.message
ADDED from AndroidManifest.xml:56:13
action#io.rong.push.message
ADDED from AndroidManifest.xml:57:17
	android:name
		ADDED from AndroidManifest.xml:57:25
receiver#io.rong.imlib.HeartbeatReceiver
ADDED from AndroidManifest.xml:60:9
	android:process
		ADDED from AndroidManifest.xml:62:13
	android:name
		ADDED from AndroidManifest.xml:61:13
service#io.rong.push.PushService
ADDED from AndroidManifest.xml:64:9
	android:process
		ADDED from AndroidManifest.xml:66:13
	android:name
		ADDED from AndroidManifest.xml:65:13
intent-filter#android.intent.category.DEFAULT+io.rong.push
ADDED from AndroidManifest.xml:67:13
category#android.intent.category.DEFAULT
ADDED from AndroidManifest.xml:68:17
	android:name
		ADDED from AndroidManifest.xml:68:27
action#io.rong.push
ADDED from AndroidManifest.xml:70:17
	android:name
		ADDED from AndroidManifest.xml:70:25
service#io.rong.push.CommandService
ADDED from AndroidManifest.xml:73:9
	android:process
		ADDED from AndroidManifest.xml:75:13
	android:name
		ADDED from AndroidManifest.xml:74:13
intent-filter#android.intent.category.DEFAULT+io.rong.command
ADDED from AndroidManifest.xml:76:13
action#io.rong.command
ADDED from AndroidManifest.xml:79:17
	android:name
		ADDED from AndroidManifest.xml:79:25
receiver#io.rong.push.PushReceiver
ADDED from AndroidManifest.xml:83:9
	android:process
		ADDED from AndroidManifest.xml:85:13
	android:name
		ADDED from AndroidManifest.xml:84:13
intent-filter#io.rong.imlib.action.push.heartbeat
ADDED from AndroidManifest.xml:86:13
action#io.rong.imlib.action.push.heartbeat
ADDED from AndroidManifest.xml:87:17
	android:name
		ADDED from AndroidManifest.xml:87:25
intent-filter#android.net.conn.CONNECTIVITY_CHANGE
ADDED from AndroidManifest.xml:89:13
action#android.net.conn.CONNECTIVITY_CHANGE
ADDED from AndroidManifest.xml:90:17
	android:name
		ADDED from AndroidManifest.xml:90:25
intent-filter#android.intent.action.BOOT_COMPLETED
ADDED from AndroidManifest.xml:92:13
action#android.intent.action.BOOT_COMPLETED
ADDED from AndroidManifest.xml:93:17
	android:name
		ADDED from AndroidManifest.xml:93:25
intent-filter#android.intent.action.ACTION_POWER_CONNECTED+android.intent.action.ACTION_POWER_DISCONNECTED+android.intent.action.USER_PRESENT
ADDED from AndroidManifest.xml:95:13
action#android.intent.action.USER_PRESENT
ADDED from AndroidManifest.xml:96:17
	android:name
		ADDED from AndroidManifest.xml:96:25
action#android.intent.action.ACTION_POWER_CONNECTED
ADDED from AndroidManifest.xml:97:17
	android:name
		ADDED from AndroidManifest.xml:97:25
action#android.intent.action.ACTION_POWER_DISCONNECTED
ADDED from AndroidManifest.xml:98:17
	android:name
		ADDED from AndroidManifest.xml:98:25
intent-filter#android.intent.action.PACKAGE_REMOVED
ADDED from AndroidManifest.xml:100:13
action#android.intent.action.PACKAGE_REMOVED
ADDED from AndroidManifest.xml:101:17
	android:name
		ADDED from AndroidManifest.xml:101:25
data
ADDED from AndroidManifest.xml:103:17
	android:scheme
		ADDED from AndroidManifest.xml:103:23
uses-permission#android.permission.ACCESS_COARSE_LOCATION
ADDED from AndroidManifest.xml:111:5
MERGED from ChinasoLive:leCloudSDK_Release:unspecified:11:5
	android:name
		ADDED from AndroidManifest.xml:111:22
uses-permission#android.permission.ACCESS_WIFI_STATE
ADDED from AndroidManifest.xml:112:5
MERGED from ChinasoLive:leCloudSDK_Release:unspecified:12:5
MERGED from ChinasoLive:IMLib:unspecified:14:5
	android:name
		ADDED from AndroidManifest.xml:112:22
uses-permission#android.permission.ACCESS_NETWORK_STATE
ADDED from AndroidManifest.xml:113:5
MERGED from ChinasoLive:leCloudSDK_Release:unspecified:13:5
MERGED from ChinasoLive:IMLib:unspecified:13:5
	android:name
		ADDED from AndroidManifest.xml:113:22
uses-permission#android.permission.CHANGE_WIFI_STATE
ADDED from AndroidManifest.xml:114:5
MERGED from ChinasoLive:leCloudSDK_Release:unspecified:15:5
	android:name
		ADDED from AndroidManifest.xml:114:22
uses-permission#android.permission.READ_PHONE_STATE
ADDED from AndroidManifest.xml:117:5
MERGED from ChinasoLive:leCloudSDK_Release:unspecified:17:5
MERGED from ChinasoLive:IMLib:unspecified:15:5
	android:name
		ADDED from AndroidManifest.xml:117:22
uses-permission#android.permission.WRITE_EXTERNAL_STORAGE
ADDED from AndroidManifest.xml:119:5
MERGED from ChinasoLive:leCloudSDK_Release:unspecified:19:5
MERGED from ChinasoLive:IMLib:unspecified:11:5
	android:name
		ADDED from AndroidManifest.xml:119:22
uses-permission#android.permission.READ_EXTERNAL_STORAGE
ADDED from AndroidManifest.xml:121:5
MERGED from ChinasoLive:leCloudSDK_Release:unspecified:21:5
	android:name
		ADDED from AndroidManifest.xml:121:22
uses-permission#android.permission.INTERNET
ADDED from AndroidManifest.xml:123:5
MERGED from ChinasoLive:leCloudSDK_Release:unspecified:23:5
MERGED from ChinasoLive:IMLib:unspecified:12:5
	android:name
		ADDED from AndroidManifest.xml:123:22
uses-permission#android.permission.MOUNT_UNMOUNT_FILESYSTEMS
ADDED from AndroidManifest.xml:124:5
MERGED from ChinasoLive:leCloudSDK_Release:unspecified:24:5
	android:name
		ADDED from AndroidManifest.xml:124:22
uses-permission#android.permission.GET_TASKS
ADDED from AndroidManifest.xml:126:5
MERGED from ChinasoLive:leCloudSDK_Release:unspecified:26:5
MERGED from ChinasoLive:IMLib:unspecified:18:5
	android:name
		ADDED from AndroidManifest.xml:126:22
uses-feature#android.hardware.camera
ADDED from AndroidManifest.xml:128:5
	android:name
		ADDED from AndroidManifest.xml:128:19
uses-feature#android.hardware.camera.autofocus
ADDED from AndroidManifest.xml:129:5
	android:name
		ADDED from AndroidManifest.xml:129:19
uses-permission#android.permission.RECORD_AUDIO
ADDED from AndroidManifest.xml:131:5
MERGED from ChinasoLive:IMLib:unspecified:16:5
MERGED from ChinasoLive:IMLib:unspecified:21:5
	android:name
		ADDED from AndroidManifest.xml:131:22
uses-permission#android.permission.WAKE_LOCK
ADDED from AndroidManifest.xml:132:5
MERGED from ChinasoLive:leCloudSDK_Release:unspecified:27:5
MERGED from ChinasoLive:IMLib:unspecified:17:5
	android:name
		ADDED from AndroidManifest.xml:132:22
uses-permission#android.permission.CAMERA
ADDED from AndroidManifest.xml:134:5
	android:name
		ADDED from AndroidManifest.xml:134:22
uses-permission#android.permission.MODIFY_AUDIO_SETTINGS
ADDED from AndroidManifest.xml:136:5
MERGED from ChinasoLive:IMLib:unspecified:19:5
	android:name
		ADDED from AndroidManifest.xml:136:22
uses-permission#android.permission.VIBRATE
ADDED from AndroidManifest.xml:137:5
MERGED from ChinasoLive:IMLib:unspecified:20:5
	android:name
		ADDED from AndroidManifest.xml:137:22
uses-permission#android.permission.RECEIVE_BOOT_COMPLETED
ADDED from AndroidManifest.xml:138:5
MERGED from ChinasoLive:IMLib:unspecified:22:5
	android:name
		ADDED from AndroidManifest.xml:138:22
uses-sdk
INJECTED from AndroidManifest.xml:0:0 reason: use-sdk injection requested
MERGED from com.android.support:appcompat-v7:19.0.0:18:5
MERGED from ChinasoLive:PullToRefreshLibrary:unspecified:7:5
MERGED from ChinasoLive:ViewPagerIndicatorLibrary:unspecified:7:5
MERGED from ChinasoLive:leCloudSDK_Release:unspecified:7:5
MERGED from ChinasoLive:IMLib:unspecified:7:5
MERGED from com.android.support:appcompat-v7:19.0.0:18:5
	android:targetSdkVersion
		INJECTED from AndroidManifest.xml:0:0
		INJECTED from AndroidManifest.xml:0:0
	android:minSdkVersion
		INJECTED from AndroidManifest.xml:0:0
		INJECTED from AndroidManifest.xml:0:0